Flutter crash report.
Please report a bug at https://github.com/flutter/flutter/issues.

## command

flutter drive --driver=test_driver/integration_test.dart --target=integration_test/basic_test.dart -d chrome

## exception

SocketException: SocketException: Connection refused (OS Error: Connection refused, errno = 111), address = localhost, port = 54680

```
#0      _NativeSocket.startConnect (dart:io-patch/socket_patch.dart:817:35)
#1      _RawSocket.startConnect (dart:io-patch/socket_patch.dart:2281:26)
#2      RawSocket.startConnect (dart:io-patch/socket_patch.dart:41:23)
#3      Socket._startConnect (dart:io-patch/socket_patch.dart:2542:22)
#4      Socket.startConnect (dart:io/socket.dart:897:21)
#5      _ConnectionTarget.connect (dart:_http/http_impl.dart:2699:20)
#6      _HttpClient._getConnection.connect (dart:_http/http_impl.dart:3193:12)
#7      _HttpClient._getConnection (dart:_http/http_impl.dart:3198:12)
#8      _HttpClient._openUrl (dart:_http/http_impl.dart:3021:12)
#9      _HttpClient.deleteUrl (dart:_http/http_impl.dart:2883:51)
#10     AsyncIoRequestClient.sendRaw (package:webdriver/src/request/async_io_request_client.dart:33:36)
<asynchronous suspension>
#11     AsyncRequestClient.send (package:webdriver/src/common/request_client.dart:96:33)
<asynchronous suspension>
#12     WebDriver.quit (package:webdriver/src/async/web_driver.dart:133:5)
<asynchronous suspension>
#13     WebDriverService.startTest (package:flutter_tools/src/drive/web_driver_service.dart:232:5)
<asynchronous suspension>
#14     DriveCommand.runCommand (package:flutter_tools/src/commands/drive.dart:387:30)
<asynchronous suspension>
#15     FlutterCommand.run.<anonymous closure> (package:flutter_tools/src/runner/flutter_command.dart:1590:27)
<asynchronous suspension>
#16     AppContext.run.<anonymous closure> (package:flutter_tools/src/base/context.dart:154:19)
<asynchronous suspension>
#17     CommandRunner.runCommand (package:args/command_runner.dart:212:13)
<asynchronous suspension>
#18     FlutterCommandRunner.runCommand.<anonymous closure> (package:flutter_tools/src/runner/flutter_command_runner.dart:496:9)
<asynchronous suspension>
#19     AppContext.run.<anonymous closure> (package:flutter_tools/src/base/context.dart:154:19)
<asynchronous suspension>
#20     FlutterCommandRunner.runCommand (package:flutter_tools/src/runner/flutter_command_runner.dart:431:5)
<asynchronous suspension>
#21     FlutterCommandRunner.run.<anonymous closure> (package:flutter_tools/src/runner/flutter_command_runner.dart:307:33)
<asynchronous suspension>
#22     run.<anonymous closure>.<anonymous closure> (package:flutter_tools/runner.dart:104:11)
<asynchronous suspension>
#23     AppContext.run.<anonymous closure> (package:flutter_tools/src/base/context.dart:154:19)
<asynchronous suspension>
#24     main (package:flutter_tools/executable.dart:103:3)
<asynchronous suspension>
```

## flutter doctor

```
[✓] Flutter (Channel stable, 3.41.4, on Ubuntu 24.04.4 LTS 6.8.0-100-generic, locale en_US.UTF-8) [48ms]
    • Flutter version 3.41.4 on channel stable at /home/aviv/snap/flutter/common/flutter
    • Upstream repository https://github.com/flutter/flutter.git
    • Framework revision ff37bef603 (2 weeks ago), 2026-03-03 16:03:22 -0800
    • Engine revision e4b8dca3f1
    • Dart version 3.11.1
    • DevTools version 2.54.1
    • Feature flags: enable-web, enable-linux-desktop, enable-macos-desktop, enable-windows-desktop,
      enable-android, enable-ios, cli-animations, enable-native-assets, omit-legacy-version-file,
      enable-lldb-debugging, enable-uiscene-migration

[✓] Android toolchain - develop for Android devices (Android SDK version 35.0.0) [1,272ms]
    • Android SDK at /home/aviv/Android/Sdk
    • Emulator version 36.3.10.0 (build_id 14472402) (CL:N/A)
    • Platform android-36, build-tools 35.0.0
    • Java binary at: /home/aviv/android-studio/jbr/bin/java
      This JDK is specified in your Flutter configuration.
      To change the current JDK, run: `flutter config --jdk-dir="path/to/jdk"`.
    • Java version OpenJDK Runtime Environment (build 21.0.8+-14196175-b1038.72)
    • All Android licenses accepted.

[✓] Chrome - develop for the web [5ms]
    • Chrome at google-chrome

[✓] Linux toolchain - develop for Linux desktop [2.5s]
    • clang version 10.0.0-4ubuntu1
    • cmake version 3.16.3
    • ninja version 1.10.0
    • pkg-config version 0.29.1
    • OpenGL core renderer: llvmpipe (LLVM 20.1.2, 256 bits)
    • OpenGL core version: 4.5 (Core Profile) Mesa 25.2.8-0ubuntu0.24.04.1
    • OpenGL core shading language version: 4.50
    • OpenGL ES renderer: llvmpipe (LLVM 20.1.2, 256 bits)
    • OpenGL ES version: OpenGL ES 3.2 Mesa 25.2.8-0ubuntu0.24.04.1
    • OpenGL ES shading language version: OpenGL ES GLSL ES 3.20
    • GL_EXT_framebuffer_blit: yes
    • GL_EXT_texture_format_BGRA8888: yes

[✓] Connected device (3 available) [130ms]
    • sdk gphone64 x86 64 (mobile) • emulator-5554 • android-x64    • Android 15 (API 35) (emulator)
    • Linux (desktop)              • linux         • linux-x64      • Ubuntu 24.04.4 LTS
      6.8.0-100-generic
    • Chrome (web)                 • chrome        • web-javascript • Google Chrome 145.0.7632.159

[✓] Network resources [371ms]
    • All expected network resources are available.

• No issues found!
```
