i  emulators: Starting emulators: functions, firestore, hosting, extensions
âš   logging: Logging Emulator unable to start on port 4500, starting on 4501 instead.
âš   emulators: It seems that you are running multiple instances of the emulator suite for project one-of-us-net. This may result in unexpected behavior.
i  firestore: Detected non-emulator Firestore export at /home/aviv/src/github/nerdster13/exports/oneofus-26-02-04--18-20
âš   eventarc: Eventarc Emulator unable to start on port 9299, starting on 9300 instead.
âš   tasks: Cloud Tasks Emulator unable to start on port 9499, starting on 9500 instead.
âš   functions: The following emulators are not running, calls to these services from the Functions emulator will affect production: apphosting, auth, database, pubsub, storage, dataconnect
i  firestore: Importing data from /home/aviv/src/github/nerdster13/exports/oneofus-26-02-04--18-20/oneofus-26-02-04--18-20firebase.overall_export_metadata
i  firestore: Firestore Emulator logging to firestore-debug.log
âœ”  firestore: Firestore Emulator UI websocket is running on 9151.
i  hosting[one-of-us-net]: Serving hosting files from: build/web
âœ”  hosting[one-of-us-net]: Local server: http://127.0.0.1:5005
i  functions: Watching "/home/aviv/src/github/nerdster13/functions" for Cloud Functions...
âš   functions: package.json indicates an outdated version of firebase-functions. Please upgrade using npm install --save firebase-functions@latest in your functions directory.
âœ”  functions: Using node@20 from host.
Serving at port 8804

âœ”  functions: Loaded functions definitions from source: fetchTitle, fetchImages, magicPaste, signin, export.
âœ”  functions[us-central1-fetchTitle]: http function initialized (http://127.0.0.1:5002/one-of-us-net/us-central1/fetchTitle).
âœ”  functions[us-central1-fetchImages]: http function initialized (http://127.0.0.1:5002/one-of-us-net/us-central1/fetchImages).
âœ”  functions[us-central1-magicPaste]: http function initialized (http://127.0.0.1:5002/one-of-us-net/us-central1/magicPaste).
âœ”  functions[us-central1-signin]: http function initialized (http://127.0.0.1:5002/one-of-us-net/us-central1/signin).
âœ”  functions[us-central1-export]: http function initialized (http://127.0.0.1:5002/one-of-us-net/us-central1/export).

[90mâ”Œâ”€â”€â”€â”€â”€â”€â”€â”€â”€â”€â”€â”€â”€â”€â”€â”€â”€â”€â”€â”€â”€â”€â”€â”€â”€â”€â”€â”€â”€â”€â”€â”€â”€â”€â”€â”€â”€â”€â”€â”€â”€â”€â”€â”€â”€â”€â”€â”€â”€â”€â”€â”€â”€â”€â”€â”€â”€â”€â”€â”€â”€â”[39m
[90mâ”‚[39m âœ”  All emulators ready! It is now safe to connect your app. [90mâ”‚[39m
[90mâ”‚[39m i  View Emulator UI at http://127.0.0.1:4001/               [90mâ”‚[39m
[90mâ””â”€â”€â”€â”€â”€â”€â”€â”€â”€â”€â”€â”€â”€â”€â”€â”€â”€â”€â”€â”€â”€â”€â”€â”€â”€â”€â”€â”€â”€â”€â”€â”€â”€â”€â”€â”€â”€â”€â”€â”€â”€â”€â”€â”€â”€â”€â”€â”€â”€â”€â”€â”€â”€â”€â”€â”€â”€â”€â”€â”€â”€â”˜[39m

[90mâ”Œâ”€â”€â”€â”€â”€â”€â”€â”€â”€â”€â”€â”€[39m[90mâ”¬â”€â”€â”€â”€â”€â”€â”€â”€â”€â”€â”€â”€â”€â”€â”€â”€[39m[90mâ”¬â”€â”€â”€â”€â”€â”€â”€â”€â”€â”€â”€â”€â”€â”€â”€â”€â”€â”€â”€â”€â”€â”€â”€â”€â”€â”€â”€â”€â”€â”€â”€â”€â”€â”€â”[39m
[90mâ”‚[39m[33m Emulator   [39m[90mâ”‚[39m[33m Host:Port      [39m[90mâ”‚[39m[33m View in Emulator UI              [39m[90mâ”‚[39m
[90mâ”œâ”€â”€â”€â”€â”€â”€â”€â”€â”€â”€â”€â”€[39m[90mâ”¼â”€â”€â”€â”€â”€â”€â”€â”€â”€â”€â”€â”€â”€â”€â”€â”€[39m[90mâ”¼â”€â”€â”€â”€â”€â”€â”€â”€â”€â”€â”€â”€â”€â”€â”€â”€â”€â”€â”€â”€â”€â”€â”€â”€â”€â”€â”€â”€â”€â”€â”€â”€â”€â”€â”¤[39m
[90mâ”‚[39m Functions  [90mâ”‚[39m 127.0.0.1:5002 [90mâ”‚[39m http://127.0.0.1:4001/functions  [90mâ”‚[39m
[90mâ”œâ”€â”€â”€â”€â”€â”€â”€â”€â”€â”€â”€â”€[39m[90mâ”¼â”€â”€â”€â”€â”€â”€â”€â”€â”€â”€â”€â”€â”€â”€â”€â”€[39m[90mâ”¼â”€â”€â”€â”€â”€â”€â”€â”€â”€â”€â”€â”€â”€â”€â”€â”€â”€â”€â”€â”€â”€â”€â”€â”€â”€â”€â”€â”€â”€â”€â”€â”€â”€â”€â”¤[39m
[90mâ”‚[39m Firestore  [90mâ”‚[39m 127.0.0.1:8081 [90mâ”‚[39m http://127.0.0.1:4001/firestore  [90mâ”‚[39m
[90mâ”œâ”€â”€â”€â”€â”€â”€â”€â”€â”€â”€â”€â”€[39m[90mâ”¼â”€â”€â”€â”€â”€â”€â”€â”€â”€â”€â”€â”€â”€â”€â”€â”€[39m[90mâ”¼â”€â”€â”€â”€â”€â”€â”€â”€â”€â”€â”€â”€â”€â”€â”€â”€â”€â”€â”€â”€â”€â”€â”€â”€â”€â”€â”€â”€â”€â”€â”€â”€â”€â”€â”¤[39m
[90mâ”‚[39m Hosting    [90mâ”‚[39m 127.0.0.1:5005 [90mâ”‚[39m n/a                              [90mâ”‚[39m
[90mâ”œâ”€â”€â”€â”€â”€â”€â”€â”€â”€â”€â”€â”€[39m[90mâ”¼â”€â”€â”€â”€â”€â”€â”€â”€â”€â”€â”€â”€â”€â”€â”€â”€[39m[90mâ”¼â”€â”€â”€â”€â”€â”€â”€â”€â”€â”€â”€â”€â”€â”€â”€â”€â”€â”€â”€â”€â”€â”€â”€â”€â”€â”€â”€â”€â”€â”€â”€â”€â”€â”€â”¤[39m
[90mâ”‚[39m Extensions [90mâ”‚[39m 127.0.0.1:5002 [90mâ”‚[39m http://127.0.0.1:4001/extensions [90mâ”‚[39m
[90mâ””â”€â”€â”€â”€â”€â”€â”€â”€â”€â”€â”€â”€[39m[90mâ”´â”€â”€â”€â”€â”€â”€â”€â”€â”€â”€â”€â”€â”€â”€â”€â”€[39m[90mâ”´â”€â”€â”€â”€â”€â”€â”€â”€â”€â”€â”€â”€â”€â”€â”€â”€â”€â”€â”€â”€â”€â”€â”€â”€â”€â”€â”€â”€â”€â”€â”€â”€â”€â”€â”˜[39m
  Emulator Hub host: 127.0.0.1 port: 4401
  Other reserved ports: 4501, 9151
[90mâ”Œâ”€â”€â”€â”€â”€â”€â”€â”€â”€â”€â”€â”€â”€â”€â”€â”€â”€â”€â”€â”€â”€â”€â”€â”€â”€[39m[90mâ”¬â”€â”€â”€â”€â”€â”€â”€â”€â”€â”€â”€â”€â”€â”€â”€[39m[90mâ”¬â”€â”€â”€â”€â”€â”€â”€â”€â”€â”€â”€â”€â”€â”€â”€â”€â”€â”€â”€â”€â”€â”[39m
[90mâ”‚[39m[33m Extension Instance Name [39m[90mâ”‚[39m[33m Extension Ref [39m[90mâ”‚[39m[33m View in Emulator UI [39m[90mâ”‚[39m
[90mâ””â”€â”€â”€â”€â”€â”€â”€â”€â”€â”€â”€â”€â”€â”€â”€â”€â”€â”€â”€â”€â”€â”€â”€â”€â”€[39m[90mâ”´â”€â”€â”€â”€â”€â”€â”€â”€â”€â”€â”€â”€â”€â”€â”€[39m[90mâ”´â”€â”€â”€â”€â”€â”€â”€â”€â”€â”€â”€â”€â”€â”€â”€â”€â”€â”€â”€â”€â”€â”˜[39m
Issues? Report them at https://github.com/firebase/firebase-tools/issues and attach the *-debug.log files.
 
i  functions: Beginning execution of "us-central1-export"
i  functions: Finished "us-central1-export" in 133.233645ms
i  functions: Beginning execution of "us-central1-export"
i  functions: Finished "us-central1-export" in 13.112347ms
i  functions: Beginning execution of "us-central1-export"
i  functions: Finished "us-central1-export" in 10.736402ms
i  functions: Beginning execution of "us-central1-export"
i  functions: Finished "us-central1-export" in 10.623856ms
i  functions: Beginning execution of "us-central1-export"
i  functions: Finished "us-central1-export" in 11.981383ms
i  functions: Beginning execution of "us-central1-export"
i  functions: Finished "us-central1-export" in 11.560067ms
i  functions: Beginning execution of "us-central1-export"
i  functions: Finished "us-central1-export" in 17.486038ms
i  functions: Beginning execution of "us-central1-export"
i  functions: Finished "us-central1-export" in 12.697109ms
i  functions: Beginning execution of "us-central1-export"
i  functions: Finished "us-central1-export" in 19.182737ms
i  functions: Beginning execution of "us-central1-export"
i  functions: Finished "us-central1-export" in 9.905467ms
i  functions: Beginning execution of "us-central1-export"
i  functions: Finished "us-central1-export" in 17.655818ms
i  functions: Beginning execution of "us-central1-export"
i  functions: Finished "us-central1-export" in 8.774709ms
i  functions: Beginning execution of "us-central1-export"
i  functions: Finished "us-central1-export" in 15.545938ms
i  functions: Beginning execution of "us-central1-export"
i  functions: Finished "us-central1-export" in 11.196349ms
i  functions: Beginning execution of "us-central1-export"
i  functions: Finished "us-central1-export" in 16.492008ms
i  functions: Beginning execution of "us-central1-export"
i  functions: Finished "us-central1-export" in 9.672127ms
i  functions: Beginning execution of "us-central1-export"
i  functions: Finished "us-central1-export" in 14.245347ms
i  functions: Beginning execution of "us-central1-export"
i  functions: Finished "us-central1-export" in 9.77951ms
i  functions: Beginning execution of "us-central1-export"
i  functions: Finished "us-central1-export" in 14.832809ms
i  functions: Beginning execution of "us-central1-export"
i  functions: Finished "us-central1-export" in 9.968988ms
i  functions: Beginning execution of "us-central1-export"
i  functions: Finished "us-central1-export" in 14.955531ms
i  functions: Beginning execution of "us-central1-export"
i  functions: Finished "us-central1-export" in 8.555644ms
i  functions: Beginning execution of "us-central1-export"
i  functions: Finished "us-central1-export" in 14.745373ms
i  functions: Beginning execution of "us-central1-export"
i  functions: Finished "us-central1-export" in 8.921246ms
i  functions: Beginning execution of "us-central1-export"
i  functions: Finished "us-central1-export" in 13.763295ms
i  functions: Beginning execution of "us-central1-export"
i  functions: Finished "us-central1-export" in 7.917046ms
i  functions: Beginning execution of "us-central1-export"
i  functions: Finished "us-central1-export" in 13.695988ms
i  functions: Beginning execution of "us-central1-export"
i  functions: Finished "us-central1-export" in 7.98216ms
i  functions: Beginning execution of "us-central1-export"
i  functions: Finished "us-central1-export" in 12.769877ms
i  functions: Beginning execution of "us-central1-export"
i  functions: Finished "us-central1-export" in 10.262774ms
i  functions: Beginning execution of "us-central1-export"
i  functions: Finished "us-central1-export" in 16.592167ms
i  functions: Beginning execution of "us-central1-export"
i  functions: Finished "us-central1-export" in 11.332067ms
i  functions: Beginning execution of "us-central1-export"
i  functions: Finished "us-central1-export" in 18.854817ms
i  functions: Beginning execution of "us-central1-export"
i  functions: Finished "us-central1-export" in 8.399148ms
i  functions: Beginning execution of "us-central1-export"
i  functions: Finished "us-central1-export" in 12.615855ms
i  functions: Beginning execution of "us-central1-export"
i  functions: Finished "us-central1-export" in 8.646817ms
i  functions: Beginning execution of "us-central1-export"
i  functions: Finished "us-central1-export" in 13.679248ms
i  functions: Beginning execution of "us-central1-export"
i  functions: Finished "us-central1-export" in 7.724603ms
i  functions: Beginning execution of "us-central1-export"
i  functions: Finished "us-central1-export" in 14.922088ms
i  functions: Beginning execution of "us-central1-export"
i  functions: Finished "us-central1-export" in 7.870659ms
i  functions: Beginning execution of "us-central1-export"
i  functions: Finished "us-central1-export" in 12.335856ms
i  functions: Beginning execution of "us-central1-export"
i  functions: Finished "us-central1-export" in 6.851391ms
i  functions: Beginning execution of "us-central1-export"
i  functions: Finished "us-central1-export" in 12.497902ms
i  functions: Beginning execution of "us-central1-export"
i  functions: Finished "us-central1-export" in 9.0238ms
i  functions: Beginning execution of "us-central1-export"
i  functions: Finished "us-central1-export" in 13.180724ms
i  functions: Beginning execution of "us-central1-export"
i  functions: Finished "us-central1-export" in 8.048205ms
i  functions: Beginning execution of "us-central1-export"
i  functions: Finished "us-central1-export" in 13.653638ms
i  functions: Beginning execution of "us-central1-export"
i  functions: Finished "us-central1-export" in 6.934538ms
i  functions: Beginning execution of "us-central1-export"
i  functions: Finished "us-central1-export" in 13.870949ms
i  functions: Beginning execution of "us-central1-export"
i  functions: Finished "us-central1-export" in 9.9589ms
i  functions: Beginning execution of "us-central1-export"
i  functions: Finished "us-central1-export" in 15.439807ms
i  functions: Beginning execution of "us-central1-export"
i  functions: Finished "us-central1-export" in 7.780318ms
i  functions: Beginning execution of "us-central1-export"
i  functions: Finished "us-central1-export" in 13.345256ms
i  functions: Beginning execution of "us-central1-export"
i  functions: Finished "us-central1-export" in 7.572004ms
i  functions: Beginning execution of "us-central1-export"
i  functions: Finished "us-central1-export" in 12.752605ms
i  functions: Beginning execution of "us-central1-export"
i  functions: Finished "us-central1-export" in 8.276206ms
i  functions: Beginning execution of "us-central1-export"
i  functions: Finished "us-central1-export" in 13.841154ms
i  functions: Beginning execution of "us-central1-export"
i  functions: Finished "us-central1-export" in 8.742739ms
i  functions: Beginning execution of "us-central1-export"
i  functions: Finished "us-central1-export" in 13.647998ms
i  functions: Beginning execution of "us-central1-export"
i  functions: Finished "us-central1-export" in 7.082979ms
i  functions: Beginning execution of "us-central1-export"
i  functions: Finished "us-central1-export" in 11.047589ms
i  functions: Beginning execution of "us-central1-export"
i  functions: Finished "us-central1-export" in 9.976325ms
i  functions: Beginning execution of "us-central1-export"
i  functions: Finished "us-central1-export" in 12.883885ms
i  functions: Beginning execution of "us-central1-export"
i  functions: Finished "us-central1-export" in 9.74191ms
i  functions: Beginning execution of "us-central1-export"
i  functions: Finished "us-central1-export" in 12.211631ms
i  functions: Beginning execution of "us-central1-export"
i  functions: Finished "us-central1-export" in 7.407106ms
i  functions: Beginning execution of "us-central1-export"
i  functions: Finished "us-central1-export" in 12.761903ms
i  functions: Beginning execution of "us-central1-export"
i  functions: Finished "us-central1-export" in 7.551731ms
i  functions: Beginning execution of "us-central1-export"
i  functions: Finished "us-central1-export" in 13.626482ms
i  functions: Beginning execution of "us-central1-export"
i  functions: Finished "us-central1-export" in 7.473512ms
i  functions: Beginning execution of "us-central1-export"
i  functions: Finished "us-central1-export" in 12.67584ms
i  functions: Beginning execution of "us-central1-export"
i  functions: Finished "us-central1-export" in 7.736852ms
i  functions: Beginning execution of "us-central1-export"
i  functions: Finished "us-central1-export" in 13.954273ms
i  functions: Beginning execution of "us-central1-export"
i  functions: Finished "us-central1-export" in 7.795913ms
i  functions: Beginning execution of "us-central1-export"
i  functions: Finished "us-central1-export" in 14.442138ms
i  functions: Beginning execution of "us-central1-export"
i  functions: Finished "us-central1-export" in 7.036244ms
i  functions: Beginning execution of "us-central1-export"
i  functions: Finished "us-central1-export" in 12.735544ms
i  functions: Beginning execution of "us-central1-export"
i  functions: Finished "us-central1-export" in 7.310012ms
i  functions: Beginning execution of "us-central1-export"
i  functions: Finished "us-central1-export" in 12.777894ms
i  functions: Beginning execution of "us-central1-export"
i  functions: Finished "us-central1-export" in 8.246497ms
i  functions: Beginning execution of "us-central1-export"
i  functions: Finished "us-central1-export" in 13.871757ms
i  functions: Beginning execution of "us-central1-export"
i  functions: Finished "us-central1-export" in 7.622184ms
i  functions: Beginning execution of "us-central1-export"
i  functions: Finished "us-central1-export" in 14.353851ms
i  functions: Beginning execution of "us-central1-export"
i  functions: Finished "us-central1-export" in 7.4249ms
i  functions: Beginning execution of "us-central1-export"
i  functions: Finished "us-central1-export" in 13.746049ms
i  functions: Beginning execution of "us-central1-export"
i  functions: Finished "us-central1-export" in 8.917168ms
i  functions: Beginning execution of "us-central1-export"
i  functions: Finished "us-central1-export" in 14.604135ms
i  functions: Beginning execution of "us-central1-export"
i  functions: Finished "us-central1-export" in 7.97386ms
i  functions: Beginning execution of "us-central1-export"
i  functions: Finished "us-central1-export" in 12.002675ms
i  functions: Beginning execution of "us-central1-export"
i  functions: Finished "us-central1-export" in 6.435906ms
i  functions: Beginning execution of "us-central1-export"
i  functions: Finished "us-central1-export" in 11.632684ms
i  functions: Beginning execution of "us-central1-export"
i  functions: Finished "us-central1-export" in 7.219932ms
i  functions: Beginning execution of "us-central1-export"
i  functions: Finished "us-central1-export" in 12.595319ms
i  functions: Beginning execution of "us-central1-export"
i  functions: Finished "us-central1-export" in 6.521258ms
i  functions: Beginning execution of "us-central1-export"
i  functions: Finished "us-central1-export" in 11.77302ms
i  functions: Beginning execution of "us-central1-export"
i  functions: Finished "us-central1-export" in 6.715245ms
i  functions: Beginning execution of "us-central1-export"
i  functions: Finished "us-central1-export" in 11.134481ms
i  functions: Beginning execution of "us-central1-export"
i  functions: Finished "us-central1-export" in 6.848147ms
i  functions: Beginning execution of "us-central1-export"
i  functions: Finished "us-central1-export" in 12.354422ms
i  functions: Beginning execution of "us-central1-export"
i  functions: Finished "us-central1-export" in 6.58061ms
i  functions: Beginning execution of "us-central1-export"
i  functions: Finished "us-central1-export" in 10.267457ms
i  functions: Beginning execution of "us-central1-export"
i  functions: Finished "us-central1-export" in 7.465157ms
i  functions: Beginning execution of "us-central1-export"
i  functions: Finished "us-central1-export" in 12.262387ms
i  functions: Beginning execution of "us-central1-export"
i  functions: Finished "us-central1-export" in 7.169125ms
i  functions: Beginning execution of "us-central1-export"
i  functions: Finished "us-central1-export" in 11.773932ms
i  functions: Beginning execution of "us-central1-export"
i  functions: Finished "us-central1-export" in 7.364015ms
i  functions: Beginning execution of "us-central1-export"
i  functions: Finished "us-central1-export" in 11.017719ms
i  functions: Beginning execution of "us-central1-export"
i  functions: Finished "us-central1-export" in 9.275477ms
i  functions: Beginning execution of "us-central1-export"
i  functions: Finished "us-central1-export" in 11.385365ms
i  functions: Beginning execution of "us-central1-export"
i  functions: Finished "us-central1-export" in 7.232435ms
i  functions: Beginning execution of "us-central1-export"
i  functions: Finished "us-central1-export" in 11.55147ms
i  functions: Beginning execution of "us-central1-export"
i  functions: Finished "us-central1-export" in 6.619083ms
i  functions: Beginning execution of "us-central1-export"
i  functions: Finished "us-central1-export" in 11.025503ms
i  functions: Beginning execution of "us-central1-export"
i  functions: Finished "us-central1-export" in 7.360007ms
i  functions: Beginning execution of "us-central1-export"
i  functions: Finished "us-central1-export" in 14.96502ms
i  functions: Beginning execution of "us-central1-export"
i  functions: Finished "us-central1-export" in 7.434098ms
i  functions: Beginning execution of "us-central1-export"
i  functions: Finished "us-central1-export" in 12.146378ms
i  functions: Beginning execution of "us-central1-export"
i  functions: Finished "us-central1-export" in 8.789017ms
i  functions: Beginning execution of "us-central1-export"
i  functions: Finished "us-central1-export" in 23.526353ms
i  functions: Beginning execution of "us-central1-export"
i  functions: Finished "us-central1-export" in 43.90696ms
i  functions: Beginning execution of "us-central1-export"
i  functions: Finished "us-central1-export" in 22.459279ms
i  functions: Beginning execution of "us-central1-export"
i  functions: Finished "us-central1-export" in 19.196662ms
i  functions: Beginning execution of "us-central1-export"
i  functions: Finished "us-central1-export" in 12.485135ms
i  functions: Beginning execution of "us-central1-export"
i  functions: Finished "us-central1-export" in 7.417226ms
i  functions: Beginning execution of "us-central1-export"
i  functions: Finished "us-central1-export" in 19.400168ms
i  functions: Beginning execution of "us-central1-export"
i  functions: Finished "us-central1-export" in 28.279386ms
i  functions: Beginning execution of "us-central1-export"
i  functions: Finished "us-central1-export" in 15.223208ms
i  functions: Beginning execution of "us-central1-export"
i  functions: Finished "us-central1-export" in 14.092874ms
i  functions: Beginning execution of "us-central1-export"
i  functions: Finished "us-central1-export" in 12.761429ms
âš   functions: package.json indicates an outdated version of firebase-functions. Please upgrade using npm install --save firebase-functions@latest in your functions directory.
âœ”  functions: Using node@20 from host.
Serving at port 8382

âœ”  functions: Loaded functions definitions from source: fetchTitle, fetchImages, magicPaste, signin, export.
âš   functions: package.json indicates an outdated version of firebase-functions. Please upgrade using npm install --save firebase-functions@latest in your functions directory.
âœ”  functions: Using node@20 from host.
Serving at port 8043

âœ”  functions: Loaded functions definitions from source: fetchImages, magicPaste, signin, export.
âš   functions: package.json indicates an outdated version of firebase-functions. Please upgrade using npm install --save firebase-functions@latest in your functions directory.
âœ”  functions: Using node@20 from host.
Serving at port 8957

âœ”  functions: Loaded functions definitions from source: fetchImages, magicPaste, signin, export.
i  functions: Beginning execution of "us-central1-export"
i  functions: Finished "us-central1-export" in 127.468028ms
i  functions: Beginning execution of "us-central1-export"
i  functions: Finished "us-central1-export" in 14.532054ms
i  functions: Beginning execution of "us-central1-export"
i  functions: Finished "us-central1-export" in 8.415144ms
i  functions: Beginning execution of "us-central1-export"
i  functions: Finished "us-central1-export" in 15.630495ms
i  functions: Beginning execution of "us-central1-export"
i  functions: Finished "us-central1-export" in 8.942678ms
i  functions: Beginning execution of "us-central1-export"
i  functions: Finished "us-central1-export" in 15.266271ms
i  functions: Beginning execution of "us-central1-export"
i  functions: Finished "us-central1-export" in 9.408455ms
i  functions: Beginning execution of "us-central1-export"
i  functions: Finished "us-central1-export" in 15.057425ms
i  functions: Beginning execution of "us-central1-export"
i  functions: Finished "us-central1-export" in 9.131727ms
i  functions: Beginning execution of "us-central1-export"
i  functions: Finished "us-central1-export" in 14.304551ms
i  functions: Beginning execution of "us-central1-export"
i  functions: Finished "us-central1-export" in 8.064296ms
i  functions: Beginning execution of "us-central1-export"
i  functions: Finished "us-central1-export" in 17.691717ms
i  functions: Beginning execution of "us-central1-export"
i  functions: Finished "us-central1-export" in 8.078533ms
i  functions: Beginning execution of "us-central1-export"
i  functions: Finished "us-central1-export" in 14.631062ms
i  functions: Beginning execution of "us-central1-export"
i  functions: Finished "us-central1-export" in 9.956707ms
i  functions: Beginning execution of "us-central1-export"
i  functions: Finished "us-central1-export" in 16.75287ms
i  functions: Beginning execution of "us-central1-export"
i  functions: Finished "us-central1-export" in 8.80231ms
i  functions: Beginning execution of "us-central1-export"
i  functions: Finished "us-central1-export" in 17.167679ms
i  functions: Beginning execution of "us-central1-export"
i  functions: Finished "us-central1-export" in 16.070031ms
i  functions: Beginning execution of "us-central1-export"
i  functions: Finished "us-central1-export" in 14.232935ms
i  functions: Beginning execution of "us-central1-export"
i  functions: Finished "us-central1-export" in 8.031764ms
i  functions: Beginning execution of "us-central1-export"
i  functions: Finished "us-central1-export" in 14.84503ms
i  functions: Beginning execution of "us-central1-export"
i  functions: Finished "us-central1-export" in 9.775753ms
i  functions: Beginning execution of "us-central1-export"
i  functions: Finished "us-central1-export" in 14.9504ms
i  functions: Beginning execution of "us-central1-export"
i  functions: Finished "us-central1-export" in 8.122076ms
i  functions: Beginning execution of "us-central1-export"
i  functions: Finished "us-central1-export" in 12.716229ms
i  functions: Beginning execution of "us-central1-export"
i  functions: Finished "us-central1-export" in 8.210414ms
i  functions: Beginning execution of "us-central1-export"
i  functions: Finished "us-central1-export" in 14.517316ms
i  functions: Beginning execution of "us-central1-export"
i  functions: Finished "us-central1-export" in 6.983058ms
i  functions: Beginning execution of "us-central1-export"
i  functions: Finished "us-central1-export" in 10.537712ms
i  functions: Beginning execution of "us-central1-export"
i  functions: Finished "us-central1-export" in 6.664272ms
i  functions: Beginning execution of "us-central1-export"
i  functions: Finished "us-central1-export" in 12.541978ms
i  functions: Beginning execution of "us-central1-export"
i  functions: Finished "us-central1-export" in 7.150156ms
i  functions: Beginning execution of "us-central1-export"
i  functions: Finished "us-central1-export" in 13.086372ms
i  functions: Beginning execution of "us-central1-export"
i  functions: Finished "us-central1-export" in 7.145097ms
i  functions: Beginning execution of "us-central1-export"
i  functions: Finished "us-central1-export" in 10.290052ms
i  functions: Beginning execution of "us-central1-export"
i  functions: Finished "us-central1-export" in 6.57409ms
i  functions: Beginning execution of "us-central1-export"
i  functions: Finished "us-central1-export" in 10.079191ms
i  functions: Beginning execution of "us-central1-export"
i  functions: Finished "us-central1-export" in 6.777197ms
i  functions: Beginning execution of "us-central1-export"
i  functions: Finished "us-central1-export" in 11.639138ms
i  functions: Beginning execution of "us-central1-export"
i  functions: Finished "us-central1-export" in 6.202593ms
i  functions: Beginning execution of "us-central1-export"
i  functions: Finished "us-central1-export" in 10.526742ms
i  functions: Beginning execution of "us-central1-export"
i  functions: Finished "us-central1-export" in 6.586695ms
i  functions: Beginning execution of "us-central1-export"
i  functions: Finished "us-central1-export" in 11.967634ms
i  functions: Beginning execution of "us-central1-export"
i  functions: Finished "us-central1-export" in 6.771506ms
i  functions: Beginning execution of "us-central1-export"
i  functions: Finished "us-central1-export" in 11.915444ms
i  functions: Beginning execution of "us-central1-export"
i  functions: Finished "us-central1-export" in 6.565955ms
i  functions: Beginning execution of "us-central1-export"
i  functions: Finished "us-central1-export" in 14.198069ms
i  functions: Beginning execution of "us-central1-export"
i  functions: Finished "us-central1-export" in 6.987697ms
i  functions: Beginning execution of "us-central1-export"
i  functions: Finished "us-central1-export" in 9.652228ms
i  functions: Beginning execution of "us-central1-export"
i  functions: Finished "us-central1-export" in 6.276564ms
i  functions: Beginning execution of "us-central1-export"
i  functions: Finished "us-central1-export" in 10.988992ms
i  functions: Beginning execution of "us-central1-export"
i  functions: Finished "us-central1-export" in 6.409828ms
i  functions: Beginning execution of "us-central1-export"
i  functions: Finished "us-central1-export" in 10.439235ms
i  functions: Beginning execution of "us-central1-export"
i  functions: Finished "us-central1-export" in 6.940908ms
i  functions: Beginning execution of "us-central1-export"
i  functions: Finished "us-central1-export" in 10.857551ms
i  functions: Beginning execution of "us-central1-export"
i  functions: Finished "us-central1-export" in 10.592635ms
i  functions: Beginning execution of "us-central1-export"
i  functions: Finished "us-central1-export" in 21.906203ms
i  functions: Beginning execution of "us-central1-export"
i  functions: Finished "us-central1-export" in 31.519325ms
i  functions: Beginning execution of "us-central1-export"
i  functions: Finished "us-central1-export" in 16.498533ms
i  functions: Beginning execution of "us-central1-export"
i  functions: Finished "us-central1-export" in 15.778223ms
i  functions: Beginning execution of "us-central1-export"
i  functions: Finished "us-central1-export" in 12.634852ms
i  functions: Beginning execution of "us-central1-export"
i  functions: Finished "us-central1-export" in 7.283389ms
i  functions: Beginning execution of "us-central1-export"
i  functions: Finished "us-central1-export" in 18.413237ms
i  functions: Beginning execution of "us-central1-export"
i  functions: Finished "us-central1-export" in 25.71486ms
i  functions: Beginning execution of "us-central1-export"
i  functions: Finished "us-central1-export" in 21.64177ms
i  functions: Beginning execution of "us-central1-export"
i  functions: Finished "us-central1-export" in 22.764816ms
i  functions: Beginning execution of "us-central1-export"
i  functions: Finished "us-central1-export" in 11.075795ms
